<?xml version="1.0" encoding="UTF-8"?>
<testng-results ignored="0" total="3" passed="3" failed="0" skipped="0">
  <reporter-output>
  </reporter-output>
  <suite started-at="2026-07-18T14:43:01 IST" name="CrossBrowserSuite" finished-at="2026-07-18T14:43:15 IST" duration-ms="13526">
    <groups>
    </groups>
    <test started-at="2026-07-18T14:43:01 IST" name="ChromeTest" finished-at="2026-07-18T14:43:03 IST" duration-ms="1782">
      <class name="CrossBrowser.Base">
        <test-method signature="launchbrowser(java.lang.String)[pri:0, instance:CrossBrowser.Base@3023df74]" started-at="2026-07-18T14:43:01 IST" name="launchbrowser" finished-at="2026-07-18T14:43:03 IST" duration-ms="1726" status="PASS">
          <params>
            <param index="0">
              <value>
                <![CDATA[Chrome]]>
              </value>
            </param>
          </params>
          <reporter-output>
          </reporter-output>
        </test-method> <!-- launchbrowser -->
      </class> <!-- CrossBrowser.Base -->
    </test> <!-- ChromeTest -->
    <test started-at="2026-07-18T14:43:01 IST" name="FirefoxTest" finished-at="2026-07-18T14:43:07 IST" duration-ms="6052">
      <class name="CrossBrowser.Base">
        <test-method signature="launchbrowser(java.lang.String)[pri:0, instance:CrossBrowser.Base@3eb25e1a]" started-at="2026-07-18T14:43:01 IST" name="launchbrowser" finished-at="2026-07-18T14:43:07 IST" duration-ms="6002" status="PASS">
          <params>
            <param index="0">
              <value>
                <![CDATA[Firefox]]>
              </value>
            </param>
          </params>
          <reporter-output>
          </reporter-output>
        </test-method> <!-- launchbrowser -->
      </class> <!-- CrossBrowser.Base -->
    </test> <!-- FirefoxTest -->
    <test started-at="2026-07-18T14:43:01 IST" name="EdgeTest" finished-at="2026-07-18T14:43:15 IST" duration-ms="13526">
      <class name="CrossBrowser.Base">
        <test-method signature="launchbrowser(java.lang.String)[pri:0, instance:CrossBrowser.Base@77c2494c]" started-at="2026-07-18T14:43:01 IST" name="launchbrowser" finished-at="2026-07-18T14:43:15 IST" duration-ms="13474" status="PASS">
          <params>
            <param index="0">
              <value>
                <![CDATA[Edge]]>
              </value>
            </param>
          </params>
          <reporter-output>
          </reporter-output>
        </test-method> <!-- launchbrowser -->
      </class> <!-- CrossBrowser.Base -->
    </test> <!-- EdgeTest -->
  </suite> <!-- CrossBrowserSuite -->
</testng-results>
