<?xml version="1.0" encoding="UTF-8"?>
<!-- Generated by org.testng.reporters.JUnitReportReporter -->
<testsuite hostname="DESKTOP-B7U2A9Q" failures="0" tests="3" name="CrossBrowser.Base" time="14.051" errors="0" timestamp="2026-07-15T18:18:37 IST" skipped="0">
  <testcase classname="CrossBrowser.Base" name="launchbrowser" time="4.726"/>
  <testcase classname="CrossBrowser.Base" name="launchbrowser" time="7.821"/>
  <testcase classname="CrossBrowser.Base" name="launchbrowser" time="1.504"/>
</testsuite> <!-- CrossBrowser.Base -->
