<?xml version="1.0" encoding="UTF-8"?>
<!-- Generated by org.testng.reporters.JUnitReportReporter -->
<testsuite hostname="DESKTOP-B7U2A9Q" failures="0" tests="4" name="base.AlertTest" time="23.002" errors="0" timestamp="2026-07-18T14:38:24 IST" skipped="0">
  <testcase classname="base.AlertTest" name="testAcceptAlert" time="5.266"/>
  <testcase classname="base.AlertTest" name="testConfirmAlert" time="6.760"/>
  <testcase classname="base.AlertTest" name="testPromptAlert" time="5.917"/>
  <testcase classname="base.AlertTest" name="testModernAlert" time="5.059"/>
</testsuite> <!-- base.AlertTest -->
