<?xml version="1.0" encoding="UTF-8"?>
<!-- Generated by org.testng.reporters.JUnitReportReporter -->
<testsuite hostname="DESKTOP-B7U2A9Q" failures="0" tests="3" name="CrossBrowser.Base" time="21.202" errors="0" timestamp="2026-07-18T14:43:15 IST" skipped="0">
  <testcase classname="CrossBrowser.Base" name="launchbrowser" time="1.726"/>
  <testcase classname="CrossBrowser.Base" name="launchbrowser" time="13.474"/>
  <testcase classname="CrossBrowser.Base" name="launchbrowser" time="6.002"/>
</testsuite> <!-- CrossBrowser.Base -->
